# JRE version: OpenJDK Runtime Environment (8.0_152-b01) (build 1.8.0_152-release-1248-b01)
# Java VM: OpenJDK 64-Bit Server VM (25.152-b01 mixed mode windows-amd64 compressed oops)
Heap:
 PSYoungGen      total 103424K, used 68536K [0x00000000e0000000, 0x00000000e9180000, 0x0000000100000000)
  eden space 96256K, 63% used [0x00000000e0000000,0x00000000e3c00dd0,0x00000000e5e00000)
  from space 7168K, 98% used [0x00000000e8a80000,0x00000000e916d440,0x00000000e9180000)
  to   space 10752K, 0% used [0x00000000e7c80000,0x00000000e7c80000,0x00000000e8700000)
 ParOldGen       total 111616K, used 10174K [0x00000000a0000000, 0x00000000a6d00000, 0x00000000e0000000)
  object space 111616K, 9% used [0x00000000a0000000,0x00000000a09efb10,0x00000000a6d00000)
 Metaspace       used 30459K, capacity 31004K, committed 31104K, reserved 1075200K
  class space    used 4233K, capacity 4455K, committed 4480K, reserved 1048576K
GC Heap History (10 events):
Event: 1.248 GC heap before
{Heap before GC invocations=1 (full 0):
 PSYoungGen      total 76288K, used 65536K [0x00000000e0000000, 0x00000000e5500000, 0x0000000100000000)
  eden space 65536K, 100% used [0x00000000e0000000,0x00000000e4000000,0x00000000e4000000)
  from space 10752K, 0% used [0x00000000e4a80000,0x00000000e4a80000,0x00000000e5500000)
  to   space 10752K, 0% used [0x00000000e4000000,0x00000000e4000000,0x00000000e4a80000)
 ParOldGen       total 175104K, used 0K [0x00000000a0000000, 0x00000000aab00000, 0x00000000e0000000)
  object space 175104K, 0% used [0x00000000a0000000,0x00000000a0000000,0x00000000aab00000)
 Metaspace       used 9167K, capacity 9480K, committed 9600K, reserved 1056768K
  class space    used 1220K, capacity 1328K, committed 1408K, reserved 1048576K
Event: 1.256 GC heap after
Heap after GC invocations=1 (full 0):
 PSYoungGen      total 76288K, used 7295K [0x00000000e0000000, 0x00000000e5500000, 0x0000000100000000)
  eden space 65536K, 0% used [0x00000000e0000000,0x00000000e0000000,0x00000000e4000000)
  from space 10752K, 67% used [0x00000000e4000000,0x00000000e471fcb8,0x00000000e4a80000)
  to   space 10752K, 0% used [0x00000000e4a80000,0x00000000e4a80000,0x00000000e5500000)
 ParOldGen       total 175104K, used 8K [0x00000000a0000000, 0x00000000aab00000, 0x00000000e0000000)
  object space 175104K, 0% used [0x00000000a0000000,0x00000000a0002000,0x00000000aab00000)
 Metaspace       used 9167K, capacity 9480K, committed 9600K, reserved 1056768K
  class space    used 1220K, capacity 1328K, committed 1408K, reserved 1048576K
}
Event: 3.340 GC heap before
{Heap before GC invocations=2 (full 0):
 PSYoungGen      total 76288K, used 72831K [0x00000000e0000000, 0x00000000e5500000, 0x0000000100000000)
  eden space 65536K, 100% used [0x00000000e0000000,0x00000000e4000000,0x00000000e4000000)
  from space 10752K, 67% used [0x00000000e4000000,0x00000000e471fcb8,0x00000000e4a80000)
  to   space 10752K, 0% used [0x00000000e4a80000,0x00000000e4a80000,0x00000000e5500000)
 ParOldGen       total 175104K, used 8K [0x00000000a0000000, 0x00000000aab00000, 0x00000000e0000000)
  object space 175104K, 0% used [0x00000000a0000000,0x00000000a0002000,0x00000000aab00000)
 Metaspace       used 16238K, capacity 16662K, committed 16896K, reserved 1062912K
  class space    used 2310K, capacity 2491K, committed 2560K, reserved 1048576K
Event: 3.356 GC heap after
Heap after GC invocations=2 (full 0):
 PSYoungGen      total 76288K, used 10724K [0x00000000e0000000, 0x00000000e5500000, 0x0000000100000000)
  eden space 65536K, 0% used [0x00000000e0000000,0x00000000e0000000,0x00000000e4000000)
  from space 10752K, 99% used [0x00000000e4a80000,0x00000000e54f9338,0x00000000e5500000)
  to   space 10752K, 0% used [0x00000000e4000000,0x00000000e4000000,0x00000000e4a80000)
 ParOldGen       total 175104K, used 148K [0x00000000a0000000, 0x00000000aab00000, 0x00000000e0000000)
  object space 175104K, 0% used [0x00000000a0000000,0x00000000a0025158,0x00000000aab00000)
 Metaspace       used 16238K, capacity 16662K, committed 16896K, reserved 1062912K
  class space    used 2310K, capacity 2491K, committed 2560K, reserved 1048576K
}
Event: 3.988 GC heap before
{Heap before GC invocations=3 (full 0):
 PSYoungGen      total 76288K, used 50046K [0x00000000e0000000, 0x00000000e5500000, 0x0000000100000000)
  eden space 65536K, 59% used [0x00000000e0000000,0x00000000e2666630,0x00000000e4000000)
  from space 10752K, 99% used [0x00000000e4a80000,0x00000000e54f9338,0x00000000e5500000)
  to   space 10752K, 0% used [0x00000000e4000000,0x00000000e4000000,0x00000000e4a80000)
 ParOldGen       total 175104K, used 148K [0x00000000a0000000, 0x00000000aab00000, 0x00000000e0000000)
  object space 175104K, 0% used [0x00000000a0000000,0x00000000a0025158,0x00000000aab00000)
 Metaspace       used 20753K, capacity 21218K, committed 21248K, reserved 1067008K
  class space    used 2887K, capacity 3057K, committed 3072K, reserved 1048576K
Event: 3.999 GC heap after
Heap after GC invocations=3 (full 0):
 PSYoungGen      total 76288K, used 10441K [0x00000000e0000000, 0x00000000e9500000, 0x0000000100000000)
  eden space 65536K, 0% used [0x00000000e0000000,0x00000000e0000000,0x00000000e4000000)
  from space 10752K, 97% used [0x00000000e4000000,0x00000000e4a32488,0x00000000e4a80000)
  to   space 10752K, 0% used [0x00000000e8a80000,0x00000000e8a80000,0x00000000e9500000)
 ParOldGen       total 175104K, used 156K [0x00000000a0000000, 0x00000000aab00000, 0x00000000e0000000)
  object space 175104K, 0% used [0x00000000a0000000,0x00000000a0027158,0x00000000aab00000)
 Metaspace       used 20753K, capacity 21218K, committed 21248K, reserved 1067008K
  class space    used 2887K, capacity 3057K, committed 3072K, reserved 1048576K
}
Event: 3.999 GC heap before
{Heap before GC invocations=4 (full 1):
 PSYoungGen      total 76288K, used 10441K [0x00000000e0000000, 0x00000000e9500000, 0x0000000100000000)
  eden space 65536K, 0% used [0x00000000e0000000,0x00000000e0000000,0x00000000e4000000)
  from space 10752K, 97% used [0x00000000e4000000,0x00000000e4a32488,0x00000000e4a80000)
  to   space 10752K, 0% used [0x00000000e8a80000,0x00000000e8a80000,0x00000000e9500000)
 ParOldGen       total 175104K, used 156K [0x00000000a0000000, 0x00000000aab00000, 0x00000000e0000000)
  object space 175104K, 0% used [0x00000000a0000000,0x00000000a0027158,0x00000000aab00000)
 Metaspace       used 20753K, capacity 21218K, committed 21248K, reserved 1067008K
  class space    used 2887K, capacity 3057K, committed 3072K, reserved 1048576K
Event: 4.048 GC heap after
Heap after GC invocations=4 (full 1):
 PSYoungGen      total 76288K, used 0K [0x00000000e0000000, 0x00000000e9500000, 0x0000000100000000)
  eden space 65536K, 0% used [0x00000000e0000000,0x00000000e0000000,0x00000000e4000000)
  from space 10752K, 0% used [0x00000000e4000000,0x00000000e4000000,0x00000000e4a80000)
  to   space 10752K, 0% used [0x00000000e8a80000,0x00000000e8a80000,0x00000000e9500000)
 ParOldGen       total 111616K, used 10166K [0x00000000a0000000, 0x00000000a6d00000, 0x00000000e0000000)
  object space 111616K, 9% used [0x00000000a0000000,0x00000000a09edb10,0x00000000a6d00000)
 Metaspace       used 20753K, capacity 21218K, committed 21248K, reserved 1067008K
  class space    used 2887K, capacity 3057K, committed 3072K, reserved 1048576K
}
Event: 4.983 GC heap before
{Heap before GC invocations=5 (full 1):
 PSYoungGen      total 76288K, used 65536K [0x00000000e0000000, 0x00000000e9500000, 0x0000000100000000)
  eden space 65536K, 100% used [0x00000000e0000000,0x00000000e4000000,0x00000000e4000000)
  from space 10752K, 0% used [0x00000000e4000000,0x00000000e4000000,0x00000000e4a80000)
  to   space 10752K, 0% used [0x00000000e8a80000,0x00000000e8a80000,0x00000000e9500000)
 ParOldGen       total 111616K, used 10166K [0x00000000a0000000, 0x00000000a6d00000, 0x00000000e0000000)
  object space 111616K, 9% used [0x00000000a0000000,0x00000000a09edb10,0x00000000a6d00000)
 Metaspace       used 27268K, capacity 27760K, committed 28032K, reserved 1073152K
  class space    used 3733K, capacity 3908K, committed 3968K, reserved 1048576K
Event: 4.994 GC heap after
Heap after GC invocations=5 (full 1):
 PSYoungGen      total 103424K, used 7093K [0x00000000e0000000, 0x00000000e9180000, 0x0000000100000000)
  eden space 96256K, 0% used [0x00000000e0000000,0x00000000e0000000,0x00000000e5e00000)
  from space 7168K, 98% used [0x00000000e8a80000,0x00000000e916d440,0x00000000e9180000)
  to   space 10752K, 0% used [0x00000000e7c80000,0x00000000e7c80000,0x00000000e8700000)
 ParOldGen       total 111616K, used 10174K [0x00000000a0000000, 0x00000000a6d00000, 0x00000000e0000000)
  object space 111616K, 9% used [0x00000000a0000000,0x00000000a09efb10,0x00000000a6d00000)
 Metaspace       used 27268K, capacity 27760K, committed 28032K, reserved 1073152K
  class space    used 3733K, capacity 3908K, committed 3968K, reserved 1048576K
}

